A D/basic_metatags////
A D/custom_metatags////
A D/extra_metatags////
A D/include////
A D/includes////
A D/nodewords_admin////
A D/nodewords_basic////
A D/nodewords_custom////
A D/nodewords_custom_pages////
A D/nodewords_extra////
A D/nodewords_tokens////
A D/nodewords_ui////
A D/nodewords_verification_tags////
A D/nodewords_vertical_tabs////
A D/site_verification////
A D/tags////
A D/translations////
R D/translations////
R D/tags////
R D/site_verification////
R D/nodewords_vertical_tabs////
R D/nodewords_verification_tags////
R D/nodewords_ui////
R D/nodewords_tokens////
R D/nodewords_extra////
R D/nodewords_custom_pages////
R D/nodewords_custom////
R D/nodewords_basic////
R D/nodewords_admin////
R D/includes////
R D/include////
R D/extra_metatags////
R D/custom_metatags////
R D/basic_metatags////
