A D/images////
A D/includes////
A D/test////
A D/tests////
A D/translations////
A D/xmlsitemap////
A D/xmlsitemap_custom////
A D/xmlsitemap_file////
A D/xmlsitemap_helper////
A D/xmlsitemap_i18n////
A D/xmlsitemap_menu////
A D/xmlsitemap_taxonomy////
A D/xsl////
R D/xsl////
R D/xmlsitemap_taxonomy////
R D/xmlsitemap_menu////
R D/xmlsitemap_i18n////
R D/xmlsitemap_helper////
R D/xmlsitemap_file////
R D/xmlsitemap_custom////
R D/xmlsitemap////
R D/translations////
R D/tests////
R D/test////
R D/includes////
R D/images////
